<?xml version="1.0" encoding="UTF-8"?>
<!-- Generated by org.testng.reporters.JUnitXMLReporter -->
<testsuite ignored="0" hostname="DESKTOP-KRS7JII" failures="1" tests="1" name="Test" time="63.793" errors="0" timestamp="2022-10-07T15:35:04 IST">
  <testcase classname="com.crm.Organisation.CreateOrgExTest" name="CreateOrganisation" time="46.049">
    <failure type="java.lang.AssertionError" message="null">
      <![CDATA[java.lang.AssertionError: null
at com.crm.Organisation.CreateOrgExTest.CreateOrganisation(CreateOrgExTest.java:62)
at java.base/java.util.ArrayList.forEach(ArrayList.java:1511)
... Removed 29 stack frames]]>
    </failure>
  </testcase> <!-- CreateOrganisation -->
</testsuite> <!-- Test -->
